# JRE version: OpenJDK Runtime Environment Temurin-21.0.8+9 (21.0.8+9) (build 21.0.8+9-LTS)
# Java VM: OpenJDK 64-Bit Server VM Temurin-21.0.8+9 (21.0.8+9-LTS, mixed mode, emulated-client, sharing, tiered, compressed oops, compressed class ptrs, g1 gc, windows-amd64)
GC Precious Log:
 CardTable entry size: 512
 Card Set container configuration: InlinePtr #cards 4 size 8 Array Of Cards #cards 16 size 48 Howl #buckets 8 coarsen threshold 3686 Howl Bitmap #cards 512 size 80 coarsen threshold 460 Card regions per heap region 1 cards per card region 4096
 CPUs: 8 total, 8 available
 Memory: 16178M
 Large Page Support: Disabled
 NUMA Support: Disabled
 Compressed Oops: Enabled (Zero based)
 Heap Region Size: 2M
 Heap Min Capacity: 8M
 Heap Initial Capacity: 254M
 Heap Max Capacity: 4046M
 Pre-touch: Disabled
 Parallel Workers: 8
 Concurrent Workers: 2
 Concurrent Refinement Workers: 8
 Periodic GC: Disabled
Heap:
 garbage-first heap   total 178176K, used 74529K [0x0000000703200000, 0x0000000800000000)
  region size 2048K, 14 young (28672K), 4 survivors (8192K)
 Metaspace       used 98808K, committed 99840K, reserved 1179648K
  class space    used 13668K, committed 14208K, reserved 1048576K
GC Heap History (20 events):
Event: 502.661 GC heap before
{Heap before GC invocations=89 (full 3):
 garbage-first heap   total 172032K, used 155921K [0x0000000703200000, 0x0000000800000000)
  region size 2048K, 50 young (102400K), 2 survivors (4096K)
 Metaspace       used 97730K, committed 98944K, reserved 1179648K
  class space    used 13572K, committed 14208K, reserved 1048576K
}
Event: 502.666 GC heap after
{Heap after GC invocations=90 (full 3):
 garbage-first heap   total 172032K, used 56928K [0x0000000703200000, 0x0000000800000000)
  region size 2048K, 2 young (4096K), 2 survivors (4096K)
 Metaspace       used 97730K, committed 98944K, reserved 1179648K
  class space    used 13572K, committed 14208K, reserved 1048576K
}
Event: 502.990 GC heap before
{Heap before GC invocations=90 (full 3):
 garbage-first heap   total 172032K, used 155232K [0x0000000703200000, 0x0000000800000000)
  region size 2048K, 50 young (102400K), 2 survivors (4096K)
 Metaspace       used 97730K, committed 98944K, reserved 1179648K
  class space    used 13572K, committed 14208K, reserved 1048576K
}
Event: 502.997 GC heap after
{Heap after GC invocations=91 (full 3):
 garbage-first heap   total 206848K, used 62523K [0x0000000703200000, 0x0000000800000000)
  region size 2048K, 5 young (10240K), 5 survivors (10240K)
 Metaspace       used 97730K, committed 98944K, reserved 1179648K
  class space    used 13572K, committed 14208K, reserved 1048576K
}
Event: 503.348 GC heap before
{Heap before GC invocations=92 (full 3):
 garbage-first heap   total 206848K, used 175163K [0x0000000703200000, 0x0000000800000000)
  region size 2048K, 60 young (122880K), 5 survivors (10240K)
 Metaspace       used 97730K, committed 98944K, reserved 1179648K
  class space    used 13572K, committed 14208K, reserved 1048576K
}
Event: 503.351 GC heap after
{Heap after GC invocations=93 (full 3):
 garbage-first heap   total 206848K, used 57262K [0x0000000703200000, 0x0000000800000000)
  region size 2048K, 2 young (4096K), 2 survivors (4096K)
 Metaspace       used 97730K, committed 98944K, reserved 1179648K
  class space    used 13572K, committed 14208K, reserved 1048576K
}
Event: 503.642 GC heap before
{Heap before GC invocations=93 (full 3):
 garbage-first heap   total 206848K, used 176046K [0x0000000703200000, 0x0000000800000000)
  region size 2048K, 60 young (122880K), 2 survivors (4096K)
 Metaspace       used 97730K, committed 98944K, reserved 1179648K
  class space    used 13572K, committed 14208K, reserved 1048576K
}
Event: 503.650 GC heap after
{Heap after GC invocations=94 (full 3):
 garbage-first heap   total 206848K, used 61346K [0x0000000703200000, 0x0000000800000000)
  region size 2048K, 4 young (8192K), 4 survivors (8192K)
 Metaspace       used 97730K, committed 98944K, reserved 1179648K
  class space    used 13572K, committed 14208K, reserved 1048576K
}
Event: 504.230 GC heap before
{Heap before GC invocations=94 (full 3):
 garbage-first heap   total 206848K, used 176034K [0x0000000703200000, 0x0000000800000000)
  region size 2048K, 60 young (122880K), 4 survivors (8192K)
 Metaspace       used 97730K, committed 98944K, reserved 1179648K
  class space    used 13572K, committed 14208K, reserved 1048576K
}
Event: 504.234 GC heap after
{Heap after GC invocations=95 (full 3):
 garbage-first heap   total 206848K, used 58189K [0x0000000703200000, 0x0000000800000000)
  region size 2048K, 3 young (6144K), 3 survivors (6144K)
 Metaspace       used 97730K, committed 98944K, reserved 1179648K
  class space    used 13572K, committed 14208K, reserved 1048576K
}
Event: 505.288 GC heap before
{Heap before GC invocations=96 (full 3):
 garbage-first heap   total 204800K, used 172877K [0x0000000703200000, 0x0000000800000000)
  region size 2048K, 60 young (122880K), 3 survivors (6144K)
 Metaspace       used 97730K, committed 98944K, reserved 1179648K
  class space    used 13572K, committed 14208K, reserved 1048576K
}
Event: 505.291 GC heap after
{Heap after GC invocations=97 (full 3):
 garbage-first heap   total 204800K, used 56671K [0x0000000703200000, 0x0000000800000000)
  region size 2048K, 2 young (4096K), 2 survivors (4096K)
 Metaspace       used 97730K, committed 98944K, reserved 1179648K
  class space    used 13572K, committed 14208K, reserved 1048576K
}
Event: 505.725 GC heap before
{Heap before GC invocations=97 (full 3):
 garbage-first heap   total 204800K, used 175455K [0x0000000703200000, 0x0000000800000000)
  region size 2048K, 60 young (122880K), 2 survivors (4096K)
 Metaspace       used 97730K, committed 98944K, reserved 1179648K
  class space    used 13572K, committed 14208K, reserved 1048576K
}
Event: 505.727 GC heap after
{Heap after GC invocations=98 (full 3):
 garbage-first heap   total 204800K, used 55642K [0x0000000703200000, 0x0000000800000000)
  region size 2048K, 2 young (4096K), 2 survivors (4096K)
 Metaspace       used 97730K, committed 98944K, reserved 1179648K
  class space    used 13572K, committed 14208K, reserved 1048576K
}
Event: 505.947 GC heap before
{Heap before GC invocations=98 (full 3):
 garbage-first heap   total 204800K, used 119130K [0x0000000703200000, 0x0000000800000000)
  region size 2048K, 34 young (69632K), 2 survivors (4096K)
 Metaspace       used 97732K, committed 98944K, reserved 1179648K
  class space    used 13572K, committed 14208K, reserved 1048576K
}
Event: 506.003 GC heap after
{Heap after GC invocations=99 (full 4):
 garbage-first heap   total 178176K, used 49729K [0x0000000703200000, 0x0000000800000000)
  region size 2048K, 0 young (0K), 0 survivors (0K)
 Metaspace       used 97732K, committed 98944K, reserved 1179648K
  class space    used 13572K, committed 14208K, reserved 1048576K
}
Event: 506.897 GC heap before
{Heap before GC invocations=99 (full 4):
 garbage-first heap   total 178176K, used 94785K [0x0000000703200000, 0x0000000800000000)
  region size 2048K, 23 young (47104K), 0 survivors (0K)
 Metaspace       used 98108K, committed 99200K, reserved 1179648K
  class space    used 13613K, committed 14208K, reserved 1048576K
}
Event: 506.901 GC heap after
{Heap after GC invocations=100 (full 4):
 garbage-first heap   total 178176K, used 53658K [0x0000000703200000, 0x0000000800000000)
  region size 2048K, 2 young (4096K), 2 survivors (4096K)
 Metaspace       used 98108K, committed 99200K, reserved 1179648K
  class space    used 13613K, committed 14208K, reserved 1048576K
}
Event: 508.302 GC heap before
{Heap before GC invocations=101 (full 4):
 garbage-first heap   total 178176K, used 121242K [0x0000000703200000, 0x0000000800000000)
  region size 2048K, 36 young (73728K), 2 survivors (4096K)
 Metaspace       used 98472K, committed 99520K, reserved 1179648K
  class space    used 13645K, committed 14208K, reserved 1048576K
}
Event: 508.308 GC heap after
{Heap after GC invocations=102 (full 4):
 garbage-first heap   total 178176K, used 56097K [0x0000000703200000, 0x0000000800000000)
  region size 2048K, 4 young (8192K), 4 survivors (8192K)
 Metaspace       used 98472K, committed 99520K, reserved 1179648K
  class space    used 13645K, committed 14208K, reserved 1048576K
}

